<?xml version="1.0" encoding="UTF-8"?>
<!-- Generated by org.testng.reporters.JUnitReportReporter -->
<testsuite hostname="JV-LAP093" failures="0" tests="3" name="tests.AdventureTest" time="74.159" errors="0" timestamp="2024-09-18T14:55:52 NPT" skipped="0">
  <testcase classname="tests.AdventureTest" name="adventure_createAdventure" time="58.215"/>
  <system-out/>
  <testcase classname="tests.AdventureTest" name="adventure_searchAdventure" time="11.553"/>
  <system-out/>
  <testcase classname="tests.AdventureTest" name="adventure_viewAdventure" time="4.391"/>
  <system-out/>
</testsuite> <!-- tests.AdventureTest -->
