<?xml version="1.0" encoding="UTF-8"?>
<!-- Generated by org.testng.reporters.JUnitReportReporter -->
<testsuite hostname="JV-LAP093" failures="0" tests="2" name="tests.SmokeTest" time="50.111" errors="0" timestamp="2024-09-09T23:45:11 NPT" skipped="0">
  <testcase classname="tests.SmokeTest" name="loginTest_validCredentials" time="15.054"/>
  <system-out/>
  <testcase classname="tests.SmokeTest" name="activity_createActivity" time="35.057"/>
  <system-out/>
</testsuite> <!-- tests.SmokeTest -->
