<?xml version="1.0" encoding="UTF-8"?>
<!-- Generated by org.testng.reporters.JUnitReportReporter -->
<testsuite hostname="JV-LAP093" failures="0" tests="4" name="tests.ActivityTest" time="56.680" errors="0" timestamp="2024-09-18T14:55:52 NPT" skipped="0">
  <testcase classname="tests.ActivityTest" name="activity_createActivity" time="22.616"/>
  <system-out/>
  <testcase classname="tests.ActivityTest" name="activity_searchActivity" time="10.191"/>
  <system-out/>
  <testcase classname="tests.ActivityTest" name="activity_createSubActivity" time="20.431"/>
  <system-out/>
  <testcase classname="tests.ActivityTest" name="activity_deleteActivity" time="3.442"/>
  <system-out/>
</testsuite> <!-- tests.ActivityTest -->
