<?xml version="1.0" encoding="UTF-8"?>
<!-- Generated by org.testng.reporters.JUnitReportReporter -->
<testsuite hostname="JV-LAP093" failures="0" tests="2" name="tests.LoginTest" time="25.981" errors="0" timestamp="2024-09-18T14:55:52 NPT" skipped="0">
  <testcase classname="tests.LoginTest" name="loginTest_invalidCredentials" time="12.543"/>
  <system-out/>
  <testcase classname="tests.LoginTest" name="loginTest_validCredentials" time="13.438"/>
  <system-out/>
</testsuite> <!-- tests.LoginTest -->
