<?xml version="1.0" encoding="UTF-8"?>
<!-- Generated by org.testng.reporters.JUnitReportReporter -->
<testsuite hostname="JV-LAP093" failures="0" tests="5" name="tests.SmokeTest" time="72.726" errors="0" timestamp="2024-09-12T00:24:36 NPT" skipped="0">
  <testcase classname="tests.SmokeTest" name="loginTest_validCredentials" time="13.963"/>
  <system-out/>
  <testcase classname="tests.SmokeTest" name="activity_createActivity" time="24.012"/>
  <system-out/>
  <testcase classname="tests.SmokeTest" name="activity_searchActivity" time="9.708"/>
  <system-out/>
  <testcase classname="tests.SmokeTest" name="activity_createSubActivity" time="21.273"/>
  <system-out/>
  <testcase classname="tests.SmokeTest" name="activity_deleteActivity" time="3.770"/>
  <system-out/>
</testsuite> <!-- tests.SmokeTest -->
