<?xml version="1.0" encoding="UTF-8"?>
<!-- Generated by org.testng.reporters.JUnitReportReporter -->
<testsuite hostname="JV-LAP093" failures="0" tests="2" name="tests.SmokeTest" time="24.837" errors="0" timestamp="2024-09-10T00:01:41 NPT" skipped="0">
  <testcase classname="tests.SmokeTest" name="loginTest_validCredentials" time="14.715"/>
  <system-out/>
  <testcase classname="tests.SmokeTest" name="activity_searchActivity" time="10.122"/>
  <system-out/>
</testsuite> <!-- tests.SmokeTest -->
