<?xml version="1.0" encoding="UTF-8"?>
<!-- Generated by org.testng.reporters.JUnitReportReporter -->
<testsuite hostname="JV-LAP093" failures="0" tests="2" name="tests.SmokeTest" time="24.574" errors="0" timestamp="2024-09-08T20:47:56 NPT" skipped="0">
  <testcase classname="tests.SmokeTest" name="loginTest_invalidCredentials" time="11.862"/>
  <system-out/>
  <testcase classname="tests.SmokeTest" name="loginTest_validCredentials" time="12.712"/>
  <system-out/>
</testsuite> <!-- tests.SmokeTest -->
