<?xml version="1.0" encoding="UTF-8"?>
<!-- Generated by org.testng.reporters.JUnitReportReporter -->
<testsuite hostname="JV-LAP093" failures="0" tests="2" name="tests.SmokeTest" time="26.330" errors="0" timestamp="2024-09-09T23:57:39 NPT" skipped="0">
  <testcase classname="tests.SmokeTest" name="loginTest_validCredentials" time="17.021"/>
  <system-out/>
  <testcase classname="tests.SmokeTest" name="activity_searchActivity" time="9.309"/>
  <system-out/>
</testsuite> <!-- tests.SmokeTest -->
