<?xml version="1.0" encoding="UTF-8"?>
<!-- Generated by org.testng.reporters.JUnitReportReporter -->
<testsuite hostname="JV-LAP093" failures="0" tests="2" name="tests.SmokeTest" time="27.870" errors="0" timestamp="2024-09-09T17:45:18 NPT" skipped="0">
  <testcase classname="tests.SmokeTest" name="loginTest_invalidCredentials" time="11.498"/>
  <system-out/>
  <testcase classname="tests.SmokeTest" name="loginTest_validCredentials" time="16.372"/>
  <system-out/>
</testsuite> <!-- tests.SmokeTest -->
