<?xml version="1.0" encoding="UTF-8"?>
<!-- Generated by org.testng.reporters.JUnitReportReporter -->
<testsuite hostname="JV-LAP093" failures="0" tests="9" name="tests.SmokeTest" time="152.504" errors="0" timestamp="2024-09-14T12:39:46 NPT" skipped="0">
  <testcase classname="tests.SmokeTest" name="loginTest_invalidCredentials" time="12.347"/>
  <system-out/>
  <testcase classname="tests.SmokeTest" name="loginTest_validCredentials" time="13.508"/>
  <system-out/>
  <testcase classname="tests.SmokeTest" name="activity_createActivity" time="22.837"/>
  <system-out/>
  <testcase classname="tests.SmokeTest" name="activity_searchActivity" time="9.307"/>
  <system-out/>
  <testcase classname="tests.SmokeTest" name="activity_createSubActivity" time="20.874"/>
  <system-out/>
  <testcase classname="tests.SmokeTest" name="activity_deleteActivity" time="3.643"/>
  <system-out/>
  <testcase classname="tests.SmokeTest" name="adventure_createAdventure" time="53.035"/>
  <system-out/>
  <testcase classname="tests.SmokeTest" name="adventure_searchAdventure" time="12.381"/>
  <system-out/>
  <testcase classname="tests.SmokeTest" name="adventure_viewAdventure" time="4.572"/>
  <system-out/>
</testsuite> <!-- tests.SmokeTest -->
