<?xml version="1.0" encoding="UTF-8"?>
<!-- Generated by org.testng.reporters.JUnitReportReporter -->
<testsuite hostname="JV-LAP093" failures="0" tests="2" name="tests.SmokeTest" time="34.481" errors="0" timestamp="2024-09-09T21:14:13 NPT" skipped="0">
  <testcase classname="tests.SmokeTest" name="loginTest_validCredentials" time="14.093"/>
  <system-out/>
  <testcase classname="tests.SmokeTest" name="createActivity_test" time="20.388"/>
  <system-out/>
</testsuite> <!-- tests.SmokeTest -->
